<?xml version="1.0" encoding="UTF-8"?>
<!-- Generated by org.testng.reporters.JUnitReportReporter -->
<testsuite hostname="LAPTOP-MTOFM31E" failures="0" tests="1" name="testNGRunner.ProductModuleTest" time="4.256" errors="0" timestamp="2024-05-11T18:01:42 EDT" skipped="0">
  <testcase classname="testNGRunner.ProductModuleTest" name="titlecheck" time="4.256"/>
</testsuite> <!-- testNGRunner.ProductModuleTest -->
