<?xml version="1.0" encoding="UTF-8"?>
<!-- Generated by org.testng.reporters.JUnitReportReporter -->
<testsuite hostname="LAPTOP-MTOFM31E" failures="0" tests="3" name="testNgday2_5_11_24.XmlRegrationSmokeSuieTest" time="0.010" errors="0" timestamp="2024-08-22T20:24:12 EDT" skipped="0">
  <testcase classname="testNgday2_5_11_24.XmlRegrationSmokeSuieTest" name="test03" time="0.001"/>
  <testcase classname="testNgday2_5_11_24.XmlRegrationSmokeSuieTest" name="test01" time="0.008"/>
  <testcase classname="testNgday2_5_11_24.XmlRegrationSmokeSuieTest" name="test02" time="0.001"/>
</testsuite> <!-- testNgday2_5_11_24.XmlRegrationSmokeSuieTest -->
