<?xml version="1.0" encoding="UTF-8"?>
<!-- Generated by org.testng.reporters.JUnitReportReporter -->
<testsuite hostname="LAPTOP-MTOFM31E" failures="0" tests="2" name="testNgday2_5_11_24.BasicTestNG" time="0.007" errors="0" timestamp="2024-08-06T15:38:10 EDT" skipped="0">
  <testcase classname="testNgday2_5_11_24.BasicTestNG" name="test01" time="0.005"/>
  <testcase classname="testNgday2_5_11_24.BasicTestNG" name="test02" time="0.002"/>
</testsuite> <!-- testNgday2_5_11_24.BasicTestNG -->
