<?xml version="1.0" encoding="UTF-8"?>
<!-- Generated by org.testng.reporters.JUnitReportReporter -->
<testsuite hostname="LAPTOP-MTOFM31E" failures="0" tests="1" name="testNGRunner.ProductpageUpdateWithTestNGDay2" time="0.350" errors="0" timestamp="2024-08-06T15:39:17 EDT" skipped="0">
  <testcase classname="testNGRunner.ProductpageUpdateWithTestNGDay2" name="sortingTest" time="0.350"/>
</testsuite> <!-- testNGRunner.ProductpageUpdateWithTestNGDay2 -->
