<?xml version="1.0" encoding="UTF-8"?>
<!-- Generated by org.testng.reporters.JUnitReportReporter -->
<testsuite hostname="LAPTOP-MTOFM31E" failures="0" tests="5" name="testNGRunner.LoginModuleTestWithDataSets" time="20.252" errors="0" timestamp="2024-05-11T23:12:32 EDT" skipped="0">
  <testcase classname="testNGRunner.LoginModuleTestWithDataSets" name="logingmethod" time="6.751"/>
  <testcase classname="testNGRunner.LoginModuleTestWithDataSets" name="logingmethod" time="2.969"/>
  <testcase classname="testNGRunner.LoginModuleTestWithDataSets" name="logingmethod" time="3.207"/>
  <testcase classname="testNGRunner.LoginModuleTestWithDataSets" name="logingmethod" time="2.925"/>
  <testcase classname="testNGRunner.LoginModuleTestWithDataSets" name="logingmethod" time="4.400"/>
</testsuite> <!-- testNGRunner.LoginModuleTestWithDataSets -->
