<?xml version="1.0" encoding="UTF-8"?>
<!-- Generated by org.testng.reporters.JUnitReportReporter -->
<testsuite hostname="LAPTOP-MTOFM31E" failures="0" tests="2" name="testNgday2_5_11_24.XmlfileParemeter" time="0.012" errors="0" timestamp="2024-08-06T15:38:19 EDT" skipped="0">
  <testcase classname="testNgday2_5_11_24.XmlfileParemeter" name="test02" time="0.002"/>
  <testcase classname="testNgday2_5_11_24.XmlfileParemeter" name="test01" time="0.010"/>
</testsuite> <!-- testNgday2_5_11_24.XmlfileParemeter -->
